2016-07-04T04:05:18.889009Z mysqld_safe Starting mysqld.bin daemon with databases from /opt/bitnami/mysql/data
2016-07-04T04:05:19.060869Z 0 [Warning] TIMESTAMP with implicit DEFAULT value is deprecated. Please use --explicit_defaults_for_timestamp server option (see documentation for more details).
2016-07-04T04:05:19.060952Z 0 [Warning] Insecure configuration for --secure-file-priv: Current value does not restrict location of generated files. Consider setting it to a valid, non-empty path.
2016-07-04T04:05:19.060986Z 0 [Note] /opt/bitnami/mysql/bin/mysqld.bin (mysqld 5.7.13) starting as process 2449 ...
2016-07-04T04:05:19.064506Z 0 [Note] InnoDB: PUNCH HOLE support not available
2016-07-04T04:05:19.064545Z 0 [Note] InnoDB: Mutexes and rw_locks use GCC atomic builtins
2016-07-04T04:05:19.064550Z 0 [Note] InnoDB: Uses event mutexes
2016-07-04T04:05:19.064553Z 0 [Note] InnoDB: GCC builtin __sync_synchronize() is used for memory barrier
2016-07-04T04:05:19.064557Z 0 [Note] InnoDB: Compressed tables use zlib 1.2.3
2016-07-04T04:05:19.064560Z 0 [Note] InnoDB: Using Linux native AIO
2016-07-04T04:05:19.064771Z 0 [Note] InnoDB: Number of pools: 1
2016-07-04T04:05:19.064872Z 0 [Note] InnoDB: Using CPU crc32 instructions
2016-07-04T04:05:19.066296Z 0 [Note] InnoDB: Initializing buffer pool, total size = 256M, instances = 1, chunk size = 128M
2016-07-04T04:05:19.081157Z 0 [Note] InnoDB: Completed initialization of buffer pool
2016-07-04T04:05:19.083817Z 0 [Note] InnoDB: If the mysqld execution user is authorized, page cleaner thread priority can be changed. See the man page of setpriority().
2016-07-04T04:05:19.095271Z 0 [Note] InnoDB: Highest supported file format is Barracuda.
2016-07-04T04:05:20.059415Z 0 [Note] InnoDB: Creating shared tablespace for temporary tables
2016-07-04T04:05:20.059464Z 0 [Note] InnoDB: Setting file './ibtmp1' size to 12 MB. Physically writing the file full; Please wait ...
2016-07-04T04:05:20.553116Z 0 [Note] InnoDB: File './ibtmp1' size is now 12 MB.
2016-07-04T04:05:20.553862Z 0 [Note] InnoDB: 96 redo rollback segment(s) found. 96 redo rollback segment(s) are active.
2016-07-04T04:05:20.553873Z 0 [Note] InnoDB: 32 non-redo rollback segment(s) are active.
2016-07-04T04:05:20.554456Z 0 [Note] InnoDB: Waiting for purge to start
2016-07-04T04:05:20.604595Z 0 [Note] InnoDB: 5.7.13 started; log sequence number 3306128
2016-07-04T04:05:20.605260Z 0 [Note] Plugin 'FEDERATED' is disabled.
2016-07-04T04:05:20.607563Z 0 [Warning] Failed to set up SSL because of the following SSL library error: SSL context is not usable without certificate and private key
2016-07-04T04:05:20.607582Z 0 [Note] Server hostname (bind-address): '127.0.0.1'; port: 3306
2016-07-04T04:05:20.607605Z 0 [Note]   - '127.0.0.1' resolves to '127.0.0.1';
2016-07-04T04:05:20.607629Z 0 [Note] Server socket created on IP: '127.0.0.1'.
2016-07-04T04:05:20.607788Z 0 [Note] InnoDB: Loading buffer pool(s) from /opt/bitnami/mysql/data/ib_buffer_pool
2016-07-04T04:05:20.608396Z 0 [Note] InnoDB: Buffer pool(s) load completed at 160704  4:05:20
2016-07-04T04:05:20.865931Z 0 [Note] Event Scheduler: Loaded 0 events
2016-07-04T04:05:20.865996Z 0 [Note] Execution of init_file '/opt/bitnami/mysql/mysql-init' started.
2016-07-04T04:05:21.035771Z 0 [Note] Execution of init_file '/opt/bitnami/mysql/mysql-init' ended.
2016-07-04T04:05:21.035856Z 0 [Note] /opt/bitnami/mysql/bin/mysqld.bin: ready for connections.
Version: '5.7.13'  socket: '/opt/bitnami/mysql/tmp/mysql.sock'  port: 3306  MySQL Community Server (GPL)
2016-07-04T04:05:21.796210Z 0 [Note] Giving 1 client threads a chance to die gracefully
2016-07-04T04:05:21.796229Z 0 [Note] Shutting down slave threads
2016-07-04T04:05:23.796363Z 0 [Note] Forcefully disconnecting 0 remaining clients
2016-07-04T04:05:23.796480Z 0 [Note] Event Scheduler: Purging the queue. 0 events
2016-07-04T04:05:23.796667Z 0 [Note] Binlog end
2016-07-04T04:05:23.797294Z 0 [Note] Shutting down plugin 'ngram'
2016-07-04T04:05:23.797308Z 0 [Note] Shutting down plugin 'ARCHIVE'
2016-07-04T04:05:23.797314Z 0 [Note] Shutting down plugin 'partition'
2016-07-04T04:05:23.797332Z 0 [Note] Shutting down plugin 'BLACKHOLE'
2016-07-04T04:05:23.797338Z 0 [Note] Shutting down plugin 'CSV'
2016-07-04T04:05:23.797346Z 0 [Note] Shutting down plugin 'MEMORY'
2016-07-04T04:05:23.797353Z 0 [Note] Shutting down plugin 'MyISAM'
2016-07-04T04:05:23.797365Z 0 [Note] Shutting down plugin 'MRG_MYISAM'
2016-07-04T04:05:23.797373Z 0 [Note] Shutting down plugin 'PERFORMANCE_SCHEMA'
2016-07-04T04:05:23.797407Z 0 [Note] Shutting down plugin 'INNODB_SYS_VIRTUAL'
2016-07-04T04:05:23.797413Z 0 [Note] Shutting down plugin 'INNODB_SYS_DATAFILES'
2016-07-04T04:05:23.797418Z 0 [Note] Shutting down plugin 'INNODB_SYS_TABLESPACES'
2016-07-04T04:05:23.797422Z 0 [Note] Shutting down plugin 'INNODB_SYS_FOREIGN_COLS'
2016-07-04T04:05:23.797427Z 0 [Note] Shutting down plugin 'INNODB_SYS_FOREIGN'
2016-07-04T04:05:23.797432Z 0 [Note] Shutting down plugin 'INNODB_SYS_FIELDS'
2016-07-04T04:05:23.797436Z 0 [Note] Shutting down plugin 'INNODB_SYS_COLUMNS'
2016-07-04T04:05:23.797441Z 0 [Note] Shutting down plugin 'INNODB_SYS_INDEXES'
2016-07-04T04:05:23.797445Z 0 [Note] Shutting down plugin 'INNODB_SYS_TABLESTATS'
2016-07-04T04:05:23.797450Z 0 [Note] Shutting down plugin 'INNODB_SYS_TABLES'
2016-07-04T04:05:23.797455Z 0 [Note] Shutting down plugin 'INNODB_FT_INDEX_TABLE'
2016-07-04T04:05:23.797459Z 0 [Note] Shutting down plugin 'INNODB_FT_INDEX_CACHE'
2016-07-04T04:05:23.797464Z 0 [Note] Shutting down plugin 'INNODB_FT_CONFIG'
2016-07-04T04:05:23.797468Z 0 [Note] Shutting down plugin 'INNODB_FT_BEING_DELETED'
2016-07-04T04:05:23.797473Z 0 [Note] Shutting down plugin 'INNODB_FT_DELETED'
2016-07-04T04:05:23.797477Z 0 [Note] Shutting down plugin 'INNODB_FT_DEFAULT_STOPWORD'
2016-07-04T04:05:23.797482Z 0 [Note] Shutting down plugin 'INNODB_METRICS'
2016-07-04T04:05:23.797486Z 0 [Note] Shutting down plugin 'INNODB_TEMP_TABLE_INFO'
2016-07-04T04:05:23.797491Z 0 [Note] Shutting down plugin 'INNODB_BUFFER_POOL_STATS'
2016-07-04T04:05:23.797495Z 0 [Note] Shutting down plugin 'INNODB_BUFFER_PAGE_LRU'
2016-07-04T04:05:23.797500Z 0 [Note] Shutting down plugin 'INNODB_BUFFER_PAGE'
2016-07-04T04:05:23.797505Z 0 [Note] Shutting down plugin 'INNODB_CMP_PER_INDEX_RESET'
2016-07-04T04:05:23.797509Z 0 [Note] Shutting down plugin 'INNODB_CMP_PER_INDEX'
2016-07-04T04:05:23.797514Z 0 [Note] Shutting down plugin 'INNODB_CMPMEM_RESET'
2016-07-04T04:05:23.797518Z 0 [Note] Shutting down plugin 'INNODB_CMPMEM'
2016-07-04T04:05:23.797523Z 0 [Note] Shutting down plugin 'INNODB_CMP_RESET'
2016-07-04T04:05:23.797527Z 0 [Note] Shutting down plugin 'INNODB_CMP'
2016-07-04T04:05:23.797532Z 0 [Note] Shutting down plugin 'INNODB_LOCK_WAITS'
2016-07-04T04:05:23.797536Z 0 [Note] Shutting down plugin 'INNODB_LOCKS'
2016-07-04T04:05:23.797541Z 0 [Note] Shutting down plugin 'INNODB_TRX'
2016-07-04T04:05:23.797545Z 0 [Note] Shutting down plugin 'InnoDB'
2016-07-04T04:05:23.797620Z 0 [Note] InnoDB: FTS optimize thread exiting.
2016-07-04T04:05:23.797769Z 0 [Note] InnoDB: Starting shutdown...
2016-07-04T04:05:23.898075Z 0 [Note] InnoDB: Dumping buffer pool(s) to /opt/bitnami/mysql/data/ib_buffer_pool
2016-07-04T04:05:23.898286Z 0 [Note] InnoDB: Buffer pool(s) dump completed at 160704  4:05:23
2016-07-04T04:05:25.464964Z 0 [Note] InnoDB: Shutdown completed; log sequence number 3306156
2016-07-04T04:05:25.466010Z 0 [Note] InnoDB: Removed temporary tablespace data file: "ibtmp1"
2016-07-04T04:05:25.466021Z 0 [Note] Shutting down plugin 'sha256_password'
2016-07-04T04:05:25.466026Z 0 [Note] Shutting down plugin 'mysql_native_password'
2016-07-04T04:05:25.466158Z 0 [Note] Shutting down plugin 'binlog'
2016-07-04T04:05:25.466332Z 0 [Note] /opt/bitnami/mysql/bin/mysqld.bin: Shutdown complete

2016-07-04T04:05:25.471361Z mysqld_safe mysqld from pid file /opt/bitnami/mysql/data/mysqld.pid ended
